<?xml version="1.0" encoding="UTF-8"?>
<testsuite name="com.example.demo.serivce.MemberServiceTests" tests="1" skipped="0" failures="0" errors="0" timestamp="2026-09-08T02:08:29.493Z" hostname="DESKTOP-39TQAGH" time="4.719">
  <properties/>
  <testcase name="testFindById()" classname="com.example.demo.serivce.MemberServiceTests" time="0.51"/>
  <system-out><![CDATA[11:08:29.655 [Test worker] INFO org.springframework.test.context.support.AnnotationConfigContextLoaderUtils -- Could not detect default configuration classes for test class [com.example.demo.serivce.MemberServiceTests]: MemberServiceTests does not declare any static, non-private, non-final, nested classes annotated with @Configuration.
11:08:29.749 [Test worker] INFO org.springframework.boot.test.context.SpringBootTestContextBootstrapper -- Found @SpringBootConfiguration com.example.demo.DemoApplication for test class com.example.demo.serivce.MemberServiceTests
11:08:29.831 [Test worker] INFO org.springframework.test.context.support.AnnotationConfigContextLoaderUtils -- Could not detect default configuration classes for test class [com.example.demo.serivce.MemberServiceTests]: MemberServiceTests does not declare any static, non-private, non-final, nested classes annotated with @Configuration.
11:08:29.832 [Test worker] INFO org.springframework.boot.test.context.SpringBootTestContextBootstrapper -- Found @SpringBootConfiguration com.example.demo.DemoApplication for test class com.example.demo.serivce.MemberServiceTests

  .   ____          _            __ _ _
 /\\ / ___'_ __ _ _(_)_ __  __ _ \ \ \ \
( ( )\___ | '_ | '_| | '_ \/ _` | \ \ \ \
 \\/  ___)| |_)| | | | | || (_| |  ) ) ) )
  '  |____| .__|_| |_|_| |_\__, | / / / /
 =========|_|==============|___/=/_/_/_/

 :: Spring Boot ::                (v4.0.8)

2026-09-08T11:08:30.120+09:00  INFO 15496 --- [demo] [    Test worker] c.e.demo.serivce.MemberServiceTests      : Starting MemberServiceTests using Java 21.0.12 with PID 15496 (started by kosa in C:\dev\springboot\service)
2026-09-08T11:08:30.122+09:00  INFO 15496 --- [demo] [    Test worker] c.e.demo.serivce.MemberServiceTests      : No active profile set, falling back to 1 default profile: "default"
2026-09-08T11:08:30.693+09:00  INFO 15496 --- [demo] [    Test worker] .s.d.r.c.RepositoryConfigurationDelegate : Bootstrapping Spring Data JPA repositories in DEFAULT mode.
2026-09-08T11:08:30.745+09:00  INFO 15496 --- [demo] [    Test worker] .s.d.r.c.RepositoryConfigurationDelegate : Finished Spring Data repository scanning in 43 ms. Found 2 JPA repository interfaces.
2026-09-08T11:08:31.205+09:00  INFO 15496 --- [demo] [    Test worker] com.zaxxer.hikari.HikariDataSource       : HikariPool-1 - Starting...
2026-09-08T11:08:31.376+09:00  INFO 15496 --- [demo] [    Test worker] com.zaxxer.hikari.pool.HikariPool        : HikariPool-1 - Added connection conn0: url=jdbc:h2:mem:5bf69863-d92e-4c96-ae6a-45eb98bd5aae user=SA
2026-09-08T11:08:31.379+09:00  INFO 15496 --- [demo] [    Test worker] com.zaxxer.hikari.HikariDataSource       : HikariPool-1 - Start completed.
2026-09-08T11:08:31.415+09:00  INFO 15496 --- [demo] [    Test worker] org.hibernate.orm.jpa                    : HHH008540: Processing PersistenceUnitInfo [name: default]
2026-09-08T11:08:31.475+09:00  INFO 15496 --- [demo] [    Test worker] org.hibernate.orm.core                   : HHH000001: Hibernate ORM core version 7.2.24.Final
2026-09-08T11:08:31.954+09:00  INFO 15496 --- [demo] [    Test worker] o.s.o.j.p.SpringPersistenceUnitInfo      : No LoadTimeWeaver setup: ignoring JPA class transformer
2026-09-08T11:08:32.029+09:00  INFO 15496 --- [demo] [    Test worker] org.hibernate.orm.connections.pooling    : HHH10001005: Database info:
	Database JDBC URL [jdbc:h2:mem:5bf69863-d92e-4c96-ae6a-45eb98bd5aae]
	Database driver: H2 JDBC Driver
	Database dialect: H2Dialect
	Database version: 2.4.240
	Default catalog/schema: 5BF69863-D92E-4C96-AE6A-45EB98BD5AAE/PUBLIC
	Autocommit mode: undefined/unknown
	Isolation level: READ_COMMITTED [default READ_COMMITTED]
	JDBC fetch size: 100
	Pool: DataSourceConnectionProvider
	Minimum pool size: undefined/unknown
	Maximum pool size: undefined/unknown
2026-09-08T11:08:32.808+09:00  INFO 15496 --- [demo] [    Test worker] org.hibernate.orm.core                   : HHH000489: No JTA platform available (set 'hibernate.transaction.jta.platform' to enable JTA platform integration)
Hibernate: 
    drop table if exists article cascade 
Hibernate: 
    drop table if exists member cascade 
Hibernate: 
    create table article (
        created timestamp(6),
        id bigint generated by default as identity,
        member_id bigint,
        updated timestamp(6),
        description varchar(255),
        title varchar(255),
        primary key (id)
    )
Hibernate: 
    create table member (
        age integer,
        enabled boolean,
        id bigint generated by default as identity,
        email varchar(255) unique,
        name varchar(255),
        password varchar(255),
        primary key (id)
    )
Hibernate: 
    alter table if exists article 
       add constraint FK6l9vkfd5ixw8o8kph5rj1k7gu 
       foreign key (member_id) 
       references member
2026-09-08T11:08:32.856+09:00  INFO 15496 --- [demo] [    Test worker] j.LocalContainerEntityManagerFactoryBean : Initialized JPA EntityManagerFactory for persistence unit 'default'
2026-09-08T11:08:32.932+09:00  INFO 15496 --- [demo] [    Test worker] o.s.d.j.r.query.QueryEnhancerFactories   : Hibernate is in classpath; If applicable, HQL parser will be used.
2026-09-08T11:08:33.254+09:00  WARN 15496 --- [demo] [    Test worker] JpaBaseConfiguration$JpaWebConfiguration : spring.jpa.open-in-view is enabled by default. Therefore, database queries may be performed during view rendering. Explicitly configure spring.jpa.open-in-view to disable this warning
2026-09-08T11:08:33.601+09:00  INFO 15496 --- [demo] [    Test worker] o.s.b.h.a.H2ConsoleAutoConfiguration     : H2 console available at '/h2-console'. Database available at 'jdbc:h2:mem:5bf69863-d92e-4c96-ae6a-45eb98bd5aae'
2026-09-08T11:08:33.684+09:00  INFO 15496 --- [demo] [    Test worker] c.e.demo.serivce.MemberServiceTests      : Started MemberServiceTests in 3.793 seconds (process running for 4.97)
Hibernate: 
    insert 
    into
        member
        (age, email, enabled, name, password, id) 
    values
        (?, ?, ?, ?, ?, default)
Hibernate: 
    select
        m1_0.id,
        m1_0.age,
        m1_0.email,
        m1_0.enabled,
        m1_0.name,
        m1_0.password 
    from
        member m1_0 
    where
        m1_0.id=?
]]></system-out>
  <system-err><![CDATA[Mockito is currently self-attaching to enable the inline-mock-maker. This will no longer work in future releases of the JDK. Please add Mockito as an agent to your build as described in Mockito's documentation: https://javadoc.io/doc/org.mockito/mockito-core/latest/org.mockito/org/mockito/Mockito.html#0.3
WARNING: A Java agent has been loaded dynamically (C:\Users\kosa\.gradle\caches\modules-2\files-2.1\net.bytebuddy\byte-buddy-agent\1.17.8\f09415827a71be7ed621c7bd02550678f28bc81c\byte-buddy-agent-1.17.8.jar)
WARNING: If a serviceability tool is in use, please run with -XX:+EnableDynamicAgentLoading to hide this warning
WARNING: If a serviceability tool is not in use, please run with -Djdk.instrument.traceUsage for more information
WARNING: Dynamic loading of agents will be disallowed by default in a future release
]]></system-err>
</testsuite>
